12:21:07 INFO  : Launching XSDB server: xsdb.bat -interactive C:\Users\OS\project_2\project_2.sdk\temp_xsdb_launch_script.tcl
12:21:11 INFO  : XSDB server has started successfully.
12:21:18 INFO  : Processing command line option -hwspec C:/Users/OS/project_2/project_2.sdk/design_2_wrapper.hdf.
13:00:55 INFO  : Connected to target on host '127.0.0.1' and port '3121'.
13:00:56 INFO  : 'targets -set -filter {jtag_cable_name =~ "Digilent Zed 210248690468" && level==0} -index 1' command is executed.
13:00:59 INFO  : FPGA configured successfully with bitstream "C:/Users/OS/project_2/project_2.sdk/design_2_wrapper_hw_platform_0/design_2_wrapper.bit"
13:03:02 INFO  : Connected to target on host '127.0.0.1' and port '3121'.
13:03:03 INFO  : 'targets -set -filter {jtag_cable_name =~ "Digilent Zed 210248690468" && level==0} -index 1' command is executed.
13:03:05 INFO  : FPGA configured successfully with bitstream "C:/Users/OS/project_2/project_2.sdk/design_2_wrapper_hw_platform_0/design_2_wrapper.bit"
13:14:51 INFO  : Connected to target on host '127.0.0.1' and port '3121'.
13:14:51 INFO  : 'targets -set -filter {jtag_cable_name =~ "Digilent Zed 210248690468" && level==0} -index 1' command is executed.
13:14:53 INFO  : FPGA configured successfully with bitstream "C:/Users/OS/project_2/project_2.sdk/design_2_wrapper_hw_platform_0/design_2_wrapper.bit"
13:16:24 INFO  : Connected to target on host '127.0.0.1' and port '3121'.
13:16:24 INFO  : 'targets -set -filter {jtag_cable_name =~ "Digilent Zed 210248690468" && level==0} -index 1' command is executed.
13:16:27 INFO  : FPGA configured successfully with bitstream "C:/Users/OS/project_2/project_2.sdk/design_2_wrapper_hw_platform_0/design_2_wrapper.bit"
13:19:44 INFO  : Invoking Bootgen: bootgen -image HelloWorld.bif -arch zynq -o C:\Users\OS\project_2\project_2.sdk\HelloWorld\bootimage\BOOT.mcs
13:19:44 INFO  : Creating new bif file C:\Users\OS\project_2\project_2.sdk\HelloWorld\bootimage\HelloWorld.bif
13:19:48 INFO  : Bootgen command execution is done.
13:56:40 INFO  : Invoking Bootgen: bootgen -image HelloWorld.bif -arch zynq -o C:\Users\OS\project_2\project_2.sdk\HelloWorld\bootimage\BOOT.bin
13:56:40 INFO  : Overwriting existing bif file C:\Users\OS\project_2\project_2.sdk\HelloWorld\bootimage\HelloWorld.bif
13:56:41 INFO  : Bootgen command execution is done.
14:56:27 INFO  : Invoking Bootgen: bootgen -image output.bif -arch zynq -o C:\Users\OS\project_2\BOOT.mcs
14:56:27 INFO  : Creating new bif file C:\Users\OS\project_2\output.bif
14:56:30 INFO  : Bootgen command execution is done.
16:02:07 INFO  : Launching XSDB server: xsdb.bat -interactive C:\Users\OS\project_2\project_2.sdk\temp_xsdb_launch_script.tcl
16:02:08 INFO  : XSDB server has started successfully.
16:02:08 INFO  : Processing command line option -hwspec C:/Users/OS/project_2/project_2.sdk/design_2_wrapper.hdf.
16:02:08 INFO  : Checking for hwspec changes in the project design_2_wrapper_hw_platform_0.
